<?xml version="1.0" encoding="UTF-8"?>
<!-- Generated by org.testng.reporters.JUnitReportReporter -->
<testsuite hostname="DESKTOP-G7QS3VS" failures="0" tests="3" name="com.crm.qa.testcases.PreLoginPageTest" time="0.432" errors="0" timestamp="26 Jul 2022 10:19:54 GMT" skipped="0">
  <testcase classname="com.crm.qa.testcases.PreLoginPageTest" name="preLoginPageTitleTest" time="0.043"/>
  <testcase classname="com.crm.qa.testcases.PreLoginPageTest" name="validateMainHeadingTest" time="0.309"/>
  <testcase classname="com.crm.qa.testcases.PreLoginPageTest" name="validateSubHeadingTest" time="0.080"/>
</testsuite> <!-- com.crm.qa.testcases.PreLoginPageTest -->
