<?xml version="1.0" encoding="UTF-8"?>
<!-- Generated by org.testng.reporters.JUnitReportReporter -->
<testsuite hostname="DESKTOP-KISLKN3" failures="0" tests="1" name="com.crm.qa.testcases.FreeCrmTest" time="0.000" errors="0" timestamp="26 Jul 2022 14:28:22 GMT" skipped="1">
  <testcase classname="com.crm.qa.testcases.FreeCrmTest" name="freeCrmTitleTest" time="0.000">
    <skipped/>
  </testcase> <!-- freeCrmTitleTest -->
</testsuite> <!-- com.crm.qa.testcases.FreeCrmTest -->
