<?xml version="1.0" encoding="UTF-8"?>
<!-- Generated by org.testng.reporters.JUnitReportReporter -->
<testsuite hostname="DESKTOP-KISLKN3" failures="0" tests="3" name="com.crm.qa.testcases.PreLoginPageTest" time="0.000" errors="0" timestamp="26 Jul 2022 14:30:52 GMT" skipped="3">
  <testcase classname="com.crm.qa.testcases.PreLoginPageTest" name="preLoginPageTitleTest" time="0.000">
    <skipped/>
  </testcase> <!-- preLoginPageTitleTest -->
  <testcase classname="com.crm.qa.testcases.PreLoginPageTest" name="validateMainHeadingTest" time="0.000">
    <skipped/>
  </testcase> <!-- validateMainHeadingTest -->
  <testcase classname="com.crm.qa.testcases.PreLoginPageTest" name="validateSubHeadingTest" time="0.000">
    <skipped/>
  </testcase> <!-- validateSubHeadingTest -->
</testsuite> <!-- com.crm.qa.testcases.PreLoginPageTest -->
